Hello p1



== Hull Breach ==
You got in through a hole in the floor here. To keep your ship from also freezing, the hole has been sealed.

Doors here lead:
- north
- east
- south

Command?
east



== Holodeck ==
Someone seems to have left it on the Giant Grid setting.

Doors here lead:
- north
- east
- west

Items here:
- antenna

Command?
take antena

You don't see that item here.

Command?
take antenna

You take the antenna.

Command?
inv

Items in your inventory:
- antenna

Command?
north



== Hallway ==
This area has been optimized for something; you're just not quite sure what.

Doors here lead:
- north
- south
- west

Command?
west



== Science Lab ==
You see evidence here of prototype polymer design work.

Doors here lead:
- east
- south
- west

Command?
west



== Corridor ==
The metal walls and the metal floor are slightly different colors. Or are they?

Doors here lead:
- east

Items here:
- astronaut ice cream

Command?
take astronaut ice cream

You take the astronaut ice cream.

Command?
inv

Items in your inventory:
- antenna
- astronaut ice cream

Command?
east



== Science Lab ==
You see evidence here of prototype polymer design work.

Doors here lead:
- east
- south
- west

Command?
south



== Engineering ==
You see a whiteboard with plans for Springdroid v2.

Doors here lead:
- north

Items here:
- hologram

Command?
take hologram

You take the hologram.

Command?
inv

Items in your inventory:
- antenna
- astronaut ice cream
- hologram

Command?
north



== Science Lab ==
You see evidence here of prototype polymer design work.

Doors here lead:
- east
- south
- west

Command?
west



== Corridor ==
The metal walls and the metal floor are slightly different colors. Or are they?

Doors here lead:
- east

Command?
east



== Science Lab ==
You see evidence here of prototype polymer design work.

Doors here lead:
- east
- south
- west

Command?
weast

Unrecognized command.

Command?
east



== Hallway ==
This area has been optimized for something; you're just not quite sure what.

Doors here lead:
- north
- south
- west

Command?
north



== Gift Wrapping Center ==
How else do you wrap presents on the go?

Doors here lead:
- south

Items here:
- asterisk

Command?
take asterisk

You take the asterisk.

Command?
inv

Items in your inventory:
- antenna
- astronaut ice cream
- hologram
- asterisk

Command?
south



== Hallway ==
This area has been optimized for something; you're just not quite sure what.

Doors here lead:
- north
- south
- west

Command?
south



== Holodeck ==
Someone seems to have left it on the Giant Grid setting.

Doors here lead:
- north
- east
- west

Command?
east



== Crew Quarters ==
The beds are all too small for you.

Doors here lead:
- north
- west

Items here:
- ornament

Command?
take ornament

You take the ornament.

Command?
inv

Items in your inventory:
- antenna
- astronaut ice cream
- hologram
- ornament
- asterisk

Command?
north



== Kitchen ==
Everything's freeze-dried.

Doors here lead:
- south
- west

Command?
west



== Observatory ==
There are a few telescopes; they're all bolted down, though.

Doors here lead:
- east

Items here:
- fixed point

Command?
take fixed point

You take the fixed point.

Command?
inv

Items in your inventory:
- antenna
- astronaut ice cream
- hologram
- ornament
- asterisk
- fixed point

Command?
east



== Kitchen ==
Everything's freeze-dried.

Doors here lead:
- south
- west

Command?
south



== Crew Quarters ==
The beds are all too small for you.

Doors here lead:
- north
- west

Command?
west



== Holodeck ==
Someone seems to have left it on the Giant Grid setting.

Doors here lead:
- north
- east
- west

Command?
west



== Hull Breach ==
You got in through a hole in the floor here. To keep your ship from also freezing, the hole has been sealed.

Doors here lead:
- north
- east
- south

Command?
north



== Hot Chocolate Fountain ==
Somehow, it's still working.

Doors here lead:
- south

Items here:
- giant electromagnet

Command?
south



== Hull Breach ==
You got in through a hole in the floor here. To keep your ship from also freezing, the hole has been sealed.

Doors here lead:
- north
- east
- south

Command?
south



== Sick Bay ==
Supports both Red-Nosed Reindeer medicine and regular reindeer medicine.

Doors here lead:
- north
- south

Items here:
- photons

Command?
south



== Storage ==
The boxes just contain more boxes.  Recursively.

Doors here lead:
- north
- south
- west

Command?
west



== Stables ==
Reindeer-sized. They're all empty.

Doors here lead:
- north
- east

Items here:
- molten lava

Command?
east



== Storage ==
The boxes just contain more boxes.  Recursively.

Doors here lead:
- north
- south
- west

Command?
south



== Arcade ==
None of the cabinets seem to have power.

Doors here lead:
- north
- east

Items here:
- dark matter

Command?
take dark matter

You take the dark matter.

Command?
inv

Items in your inventory:
- antenna
- astronaut ice cream
- hologram
- ornament
- asterisk
- fixed point
- dark matter

Command?
east



== Warp Drive Maintenance ==
It appears to be working normally.

Doors here lead:
- west

Items here:
- infinite loop

Command?
west



== Arcade ==
None of the cabinets seem to have power.

Doors here lead:
- north
- east

Command?
north



== Storage ==
The boxes just contain more boxes.  Recursively.

Doors here lead:
- north
- south
- west

Command?
north



== Sick Bay ==
Supports both Red-Nosed Reindeer medicine and regular reindeer medicine.

Doors here lead:
- north
- south

Items here:
- photons

Command?
north



== Hull Breach ==
You got in through a hole in the floor here. To keep your ship from also freezing, the hole has been sealed.

Doors here lead:
- north
- east
- south

Command?



== Hot Chocolate Fountain ==
Somehow, it's still working.

Doors here lead:
- south

Items here:
- giant electromagnet

Command?

You take the giant electromagnet.

Command?

The giant electromagnet is stuck to you.  You can't move!!

Command?
